<?xml version="1.0" encoding="UTF-8"?>
<!-- Generated by org.testng.reporters.JUnitXMLReporter -->
<testsuite hostname="TH1554" ignored="0" name="CoverHistory_Test" tests="10" failures="1" timestamp="29 Mar 2018 05:55:55 GMT" time="7.738" errors="0">
  <testcase name="@AfterMethod after_test" time="0.015" classname="com.milvik.mip.customermanagement.testrunner.MIP_CoverHistory_Test">
    <failure type="org.openqa.selenium.SessionNotCreatedException" message="Tried to run command without establishing a connection
Build info: version: &amp;apos;3.8.1&amp;apos;, revision: &amp;apos;6e95a6684b&amp;apos;, time: &amp;apos;2017-12-01T18:33:54.468Z&amp;apos;
System info: host: &amp;apos;TH1554&amp;apos;, ip: &amp;apos;172.16.10.163&amp;apos;, os.name: &amp;apos;Windows 8.1&amp;apos;, os.arch: &amp;apos;amd64&amp;apos;, os.version: &amp;apos;6.3&amp;apos;, java.version: &amp;apos;1.8.0_121&amp;apos;
Driver info: org.openqa.selenium.firefox.FirefoxDriver
Capabilities {acceptInsecureCerts: true, browserName: firefox, browserVersion: 57.0, javascriptEnabled: true, moz:accessibilityChecks: false, moz:headless: false, moz:processID: 14756, moz:profile: C:\Users\srilatha_yajnanara..., moz:webdriverClick: false, pageLoadStrategy: normal, platform: XP, platformName: XP, platformVersion: 6.3, rotatable: false, timeouts: {implicit: 0, pageLoad: 300000, script: 30000}}
Session ID: 62c4256c-2d14-45e2-9635-daa523d55039">
      <![CDATA[org.openqa.selenium.SessionNotCreatedException: Tried to run command without establishing a connection
Build info: version: '3.8.1', revision: '6e95a6684b', time: '2017-12-01T18:33:54.468Z'
System info: host: 'TH1554', ip: '172.16.10.163', os.name: 'Windows 8.1', os.arch: 'amd64', os.version: '6.3', java.version: '1.8.0_121'
Driver info: org.openqa.selenium.firefox.FirefoxDriver
Capabilities {acceptInsecureCerts: true, browserName: firefox, browserVersion: 57.0, javascriptEnabled: true, moz:accessibilityChecks: false, moz:headless: false, moz:processID: 14756, moz:profile: C:\Users\srilatha_yajnanara..., moz:webdriverClick: false, pageLoadStrategy: normal, platform: XP, platformName: XP, platformVersion: 6.3, rotatable: false, timeouts: {implicit: 0, pageLoad: 300000, script: 30000}}
Session ID: 62c4256c-2d14-45e2-9635-daa523d55039
	at org.openqa.selenium.remote.http.W3CHttpResponseCodec.createException(W3CHttpResponseCodec.java:187)
	at org.openqa.selenium.remote.http.W3CHttpResponseCodec.decode(W3CHttpResponseCodec.java:122)
	at org.openqa.selenium.remote.http.W3CHttpResponseCodec.decode(W3CHttpResponseCodec.java:49)
	at org.openqa.selenium.remote.HttpCommandExecutor.execute(HttpCommandExecutor.java:164)
	at org.openqa.selenium.remote.service.DriverCommandExecutor.execute(DriverCommandExecutor.java:83)
	at org.openqa.selenium.remote.RemoteWebDriver.execute(RemoteWebDriver.java:601)
	at org.openqa.selenium.remote.RemoteWebDriver.execute(RemoteWebDriver.java:658)
	at org.openqa.selenium.remote.RemoteWebDriver.getScreenshotAs(RemoteWebDriver.java:343)
	at com.milvik.mip.utility.MIP_ScreenShots.takeScreenShot(MIP_ScreenShots.java:19)
	at com.milvik.mip.customermanagement.testrunner.MIP_CoverHistory_Test.after_test(MIP_CoverHistory_Test.java:395)
... Removed 31 stack frames]]>
    </failure>
  </testcase> <!-- @AfterMethod after_test -->
  <testcase name="coverHistoryOne" time="6.01" classname="com.milvik.mip.customermanagement.testrunner.MIP_CoverHistory_Test">
    <failure type="org.openqa.selenium.WebDriverException" message="Failed to find value field
Build info: version: &amp;apos;3.8.1&amp;apos;, revision: &amp;apos;6e95a6684b&amp;apos;, time: &amp;apos;2017-12-01T18:33:54.468Z&amp;apos;
System info: host: &amp;apos;TH1554&amp;apos;, ip: &amp;apos;172.16.10.163&amp;apos;, os.name: &amp;apos;Windows 8.1&amp;apos;, os.arch: &amp;apos;amd64&amp;apos;, os.version: &amp;apos;6.3&amp;apos;, java.version: &amp;apos;1.8.0_121&amp;apos;
Driver info: org.openqa.selenium.firefox.FirefoxDriver
Capabilities {acceptInsecureCerts: true, browserName: firefox, browserVersion: 57.0, javascriptEnabled: true, moz:accessibilityChecks: false, moz:headless: false, moz:processID: 14756, moz:profile: C:\Users\srilatha_yajnanara..., moz:webdriverClick: false, pageLoadStrategy: normal, platform: XP, platformName: XP, platformVersion: 6.3, rotatable: false, timeouts: {implicit: 0, pageLoad: 300000, script: 30000}}
Session ID: 62c4256c-2d14-45e2-9635-daa523d55039
*** Element info: {Using=id, value=search-icon}">
      <![CDATA[org.openqa.selenium.WebDriverException: Failed to find value field
Build info: version: '3.8.1', revision: '6e95a6684b', time: '2017-12-01T18:33:54.468Z'
System info: host: 'TH1554', ip: '172.16.10.163', os.name: 'Windows 8.1', os.arch: 'amd64', os.version: '6.3', java.version: '1.8.0_121'
Driver info: org.openqa.selenium.firefox.FirefoxDriver
Capabilities {acceptInsecureCerts: true, browserName: firefox, browserVersion: 57.0, javascriptEnabled: true, moz:accessibilityChecks: false, moz:headless: false, moz:processID: 14756, moz:profile: C:\Users\srilatha_yajnanara..., moz:webdriverClick: false, pageLoadStrategy: normal, platform: XP, platformName: XP, platformVersion: 6.3, rotatable: false, timeouts: {implicit: 0, pageLoad: 300000, script: 30000}}
Session ID: 62c4256c-2d14-45e2-9635-daa523d55039
*** Element info: {Using=id, value=search-icon}
	at org.openqa.selenium.remote.http.W3CHttpResponseCodec.createException(W3CHttpResponseCodec.java:187)
	at org.openqa.selenium.remote.http.W3CHttpResponseCodec.decode(W3CHttpResponseCodec.java:122)
	at org.openqa.selenium.remote.http.W3CHttpResponseCodec.decode(W3CHttpResponseCodec.java:49)
	at org.openqa.selenium.remote.HttpCommandExecutor.execute(HttpCommandExecutor.java:164)
	at org.openqa.selenium.remote.service.DriverCommandExecutor.execute(DriverCommandExecutor.java:83)
	at org.openqa.selenium.remote.RemoteWebDriver.execute(RemoteWebDriver.java:601)
	at org.openqa.selenium.remote.RemoteWebDriver.findElement(RemoteWebDriver.java:371)
	at org.openqa.selenium.remote.RemoteWebDriver.findElementById(RemoteWebDriver.java:417)
	at org.openqa.selenium.By$ById.findElement(By.java:218)
	at org.openqa.selenium.remote.RemoteWebDriver.findElement(RemoteWebDriver.java:363)
	at org.openqa.selenium.support.pagefactory.DefaultElementLocator.findElement(DefaultElementLocator.java:69)
	at org.openqa.selenium.support.pagefactory.internal.LocatingElementHandler.invoke(LocatingElementHandler.java:38)
	at com.sun.proxy.$Proxy14.isDisplayed(Unknown Source)
	at com.milvik.mip.customermanagement.testrunner.MIP_CoverHistory_Test.coverHistoryOne(MIP_CoverHistory_Test.java:91)
... Removed 29 stack frames]]>
    </failure>
  </testcase> <!-- coverHistoryOne -->
  <testcase name="coverHistoryOne" time="0.0" classname="com.milvik.mip.customermanagement.testrunner.MIP_CoverHistory_Test">
    <skipped/>
  </testcase> <!-- coverHistoryOne -->
  <testcase name="coverHistoryOne" time="0.0" classname="com.milvik.mip.customermanagement.testrunner.MIP_CoverHistory_Test">
    <skipped/>
  </testcase> <!-- coverHistoryOne -->
  <testcase name="coverHistoryOne" time="0.0" classname="com.milvik.mip.customermanagement.testrunner.MIP_CoverHistory_Test">
    <skipped/>
  </testcase> <!-- coverHistoryOne -->
  <testcase name="coverHistoryOne" time="0.0" classname="com.milvik.mip.customermanagement.testrunner.MIP_CoverHistory_Test">
    <skipped/>
  </testcase> <!-- coverHistoryOne -->
  <testcase name="coverHistoryOne" time="0.0" classname="com.milvik.mip.customermanagement.testrunner.MIP_CoverHistory_Test">
    <skipped/>
  </testcase> <!-- coverHistoryOne -->
  <testcase name="coverHistoryTwo" time="0.0" classname="com.milvik.mip.customermanagement.testrunner.MIP_CoverHistory_Test">
    <skipped/>
  </testcase> <!-- coverHistoryTwo -->
  <testcase name="coverHistoryThree" time="0.0" classname="com.milvik.mip.customermanagement.testrunner.MIP_CoverHistory_Test">
    <skipped/>
  </testcase> <!-- coverHistoryThree -->
  <testcase name="coverHistoryThree" time="0.0" classname="com.milvik.mip.customermanagement.testrunner.MIP_CoverHistory_Test">
    <skipped/>
  </testcase> <!-- coverHistoryThree -->
  <testcase name="coverHistoryThree" time="0.0" classname="com.milvik.mip.customermanagement.testrunner.MIP_CoverHistory_Test">
    <skipped/>
  </testcase> <!-- coverHistoryThree -->
</testsuite> <!-- CoverHistory_Test -->
