<?xml version="1.0" encoding="UTF-8"?>
<!-- Generated by org.testng.reporters.JUnitXMLReporter -->
<testsuite hostname="TH1554" ignored="0" name="HomePageStatistics_Test" tests="3" failures="1" timestamp="20 Mar 2018 09:26:17 GMT" time="49.818" errors="0">
  <testcase name="@AfterMethod after_test" time="0.163" classname="com.milvik.mip.homepagestatistics.testrunner.MIP_Home_Test">
    <failure type="org.openqa.selenium.WebDriverException" message="Failed to decode response from marionette
Build info: version: &amp;apos;3.8.1&amp;apos;, revision: &amp;apos;6e95a6684b&amp;apos;, time: &amp;apos;2017-12-01T18:33:54.468Z&amp;apos;
System info: host: &amp;apos;TH1554&amp;apos;, ip: &amp;apos;172.16.10.130&amp;apos;, os.name: &amp;apos;Windows 8.1&amp;apos;, os.arch: &amp;apos;amd64&amp;apos;, os.version: &amp;apos;6.3&amp;apos;, java.version: &amp;apos;1.8.0_121&amp;apos;
Driver info: org.openqa.selenium.firefox.FirefoxDriver
Capabilities {acceptInsecureCerts: true, browserName: firefox, browserVersion: 57.0, javascriptEnabled: true, moz:accessibilityChecks: false, moz:headless: false, moz:processID: 8504, moz:profile: C:\Users\srilatha_yajnanara..., moz:webdriverClick: false, pageLoadStrategy: normal, platform: XP, platformName: XP, platformVersion: 6.3, rotatable: false, timeouts: {implicit: 0, pageLoad: 300000, script: 30000}}
Session ID: 51dc3c6c-26bb-44b5-8124-6668326406f3">
      <![CDATA[org.openqa.selenium.WebDriverException: Failed to decode response from marionette
Build info: version: '3.8.1', revision: '6e95a6684b', time: '2017-12-01T18:33:54.468Z'
System info: host: 'TH1554', ip: '172.16.10.130', os.name: 'Windows 8.1', os.arch: 'amd64', os.version: '6.3', java.version: '1.8.0_121'
Driver info: org.openqa.selenium.firefox.FirefoxDriver
Capabilities {acceptInsecureCerts: true, browserName: firefox, browserVersion: 57.0, javascriptEnabled: true, moz:accessibilityChecks: false, moz:headless: false, moz:processID: 8504, moz:profile: C:\Users\srilatha_yajnanara..., moz:webdriverClick: false, pageLoadStrategy: normal, platform: XP, platformName: XP, platformVersion: 6.3, rotatable: false, timeouts: {implicit: 0, pageLoad: 300000, script: 30000}}
Session ID: 51dc3c6c-26bb-44b5-8124-6668326406f3
	at org.openqa.selenium.remote.http.W3CHttpResponseCodec.createException(W3CHttpResponseCodec.java:187)
	at org.openqa.selenium.remote.http.W3CHttpResponseCodec.decode(W3CHttpResponseCodec.java:122)
	at org.openqa.selenium.remote.http.W3CHttpResponseCodec.decode(W3CHttpResponseCodec.java:49)
	at org.openqa.selenium.remote.HttpCommandExecutor.execute(HttpCommandExecutor.java:164)
	at org.openqa.selenium.remote.service.DriverCommandExecutor.execute(DriverCommandExecutor.java:83)
	at org.openqa.selenium.remote.RemoteWebDriver.execute(RemoteWebDriver.java:601)
	at org.openqa.selenium.remote.RemoteWebDriver.execute(RemoteWebDriver.java:658)
	at org.openqa.selenium.remote.RemoteWebDriver.getScreenshotAs(RemoteWebDriver.java:343)
	at com.milvik.mip.utility.MIP_ScreenShots.takeScreenShot(MIP_ScreenShots.java:19)
	at com.milvik.mip.homepagestatistics.testrunner.MIP_Home_Test.after_test(MIP_Home_Test.java:182)
... Removed 31 stack frames]]>
    </failure>
  </testcase> <!-- @AfterMethod after_test -->
  <testcase name="@BeforeMethod startTest" time="0.0" classname="com.milvik.mip.homepagestatistics.testrunner.MIP_Home_Test">
    <skipped/>
  </testcase> <!-- @BeforeMethod startTest -->
  <testcase name="@BeforeMethod startTest" time="0.0" classname="com.milvik.mip.homepagestatistics.testrunner.MIP_Home_Test">
    <skipped/>
  </testcase> <!-- @BeforeMethod startTest -->
  <testcase name="homeTestOne" time="7.795" classname="com.milvik.mip.homepagestatistics.testrunner.MIP_Home_Test">
    <failure type="java.lang.AssertionError" message="expected [true] but found [false]">
      <![CDATA[java.lang.AssertionError: expected [true] but found [false]
	at com.milvik.mip.homepagestatistics.testrunner.MIP_Home_Test.homeTestOne(MIP_Home_Test.java:101)
... Removed 29 stack frames]]>
    </failure>
  </testcase> <!-- homeTestOne -->
  <testcase name="homeTestThree" time="0.0" classname="com.milvik.mip.homepagestatistics.testrunner.MIP_Home_Test">
    <skipped/>
  </testcase> <!-- homeTestThree -->
  <testcase name="homeTestTwo" time="0.0" classname="com.milvik.mip.homepagestatistics.testrunner.MIP_Home_Test">
    <skipped/>
  </testcase> <!-- homeTestTwo -->
</testsuite> <!-- HomePageStatistics_Test -->
