<?xml version="1.0" encoding="UTF-8"?>
<!-- Generated by org.testng.reporters.JUnitXMLReporter -->
<testsuite hostname="TH1554" ignored="1" name="List_Branch_Test" tests="9" failures="3" timestamp="29 Mar 2018 13:00:29 GMT" time="2137.248" errors="0">
  <testcase name="listBranchFive" time="25.089" classname="com.milvik.mip.branchmanagement.testrunner.MIP_ListBranch_Test"/>
  <testcase name="listBranchFive" time="45.558" classname="com.milvik.mip.branchmanagement.testrunner.MIP_ListBranch_Test"/>
  <testcase name="listBranchFour" time="23.999" classname="com.milvik.mip.branchmanagement.testrunner.MIP_ListBranch_Test"/>
  <testcase name="listBranchFour" time="46.621" classname="com.milvik.mip.branchmanagement.testrunner.MIP_ListBranch_Test"/>
  <testcase name="listBranchOne" time="1.509" classname="com.milvik.mip.branchmanagement.testrunner.MIP_ListBranch_Test"/>
  <testcase name="listBranchSeven" time="2.615" classname="com.milvik.mip.branchmanagement.testrunner.MIP_ListBranch_Test"/>
  <testcase name="listBranchTwo" time="1827.094" classname="com.milvik.mip.branchmanagement.testrunner.MIP_ListBranch_Test">
    <failure type="org.openqa.selenium.NoSuchElementException" message="Unable to locate element: Next
For documentation on this error, please visit: http://seleniumhq.org/exceptions/no_such_element.html
Build info: version: &amp;apos;3.8.1&amp;apos;, revision: &amp;apos;6e95a6684b&amp;apos;, time: &amp;apos;2017-12-01T18:33:54.468Z&amp;apos;
System info: host: &amp;apos;TH1554&amp;apos;, ip: &amp;apos;172.16.10.197&amp;apos;, os.name: &amp;apos;Windows 8.1&amp;apos;, os.arch: &amp;apos;amd64&amp;apos;, os.version: &amp;apos;6.3&amp;apos;, java.version: &amp;apos;1.8.0_121&amp;apos;
Driver info: org.openqa.selenium.firefox.FirefoxDriver
Capabilities {acceptInsecureCerts: true, browserName: firefox, browserVersion: 57.0, javascriptEnabled: true, moz:accessibilityChecks: false, moz:headless: false, moz:processID: 2516, moz:profile: C:\Users\srilatha_yajnanara..., moz:webdriverClick: false, pageLoadStrategy: normal, platform: XP, platformName: XP, platformVersion: 6.3, rotatable: false, timeouts: {implicit: 0, pageLoad: 300000, script: 30000}}
Session ID: e82023f8-4251-4b2e-8354-68a52d21dad4
*** Element info: {Using=link text, value=Next}">
      <![CDATA[org.openqa.selenium.NoSuchElementException: Unable to locate element: Next
For documentation on this error, please visit: http://seleniumhq.org/exceptions/no_such_element.html
Build info: version: '3.8.1', revision: '6e95a6684b', time: '2017-12-01T18:33:54.468Z'
System info: host: 'TH1554', ip: '172.16.10.197', os.name: 'Windows 8.1', os.arch: 'amd64', os.version: '6.3', java.version: '1.8.0_121'
Driver info: org.openqa.selenium.firefox.FirefoxDriver
Capabilities {acceptInsecureCerts: true, browserName: firefox, browserVersion: 57.0, javascriptEnabled: true, moz:accessibilityChecks: false, moz:headless: false, moz:processID: 2516, moz:profile: C:\Users\srilatha_yajnanara..., moz:webdriverClick: false, pageLoadStrategy: normal, platform: XP, platformName: XP, platformVersion: 6.3, rotatable: false, timeouts: {implicit: 0, pageLoad: 300000, script: 30000}}
Session ID: e82023f8-4251-4b2e-8354-68a52d21dad4
*** Element info: {Using=link text, value=Next}
	at org.openqa.selenium.remote.http.W3CHttpResponseCodec.createException(W3CHttpResponseCodec.java:187)
	at org.openqa.selenium.remote.http.W3CHttpResponseCodec.decode(W3CHttpResponseCodec.java:122)
	at org.openqa.selenium.remote.http.W3CHttpResponseCodec.decode(W3CHttpResponseCodec.java:49)
	at org.openqa.selenium.remote.HttpCommandExecutor.execute(HttpCommandExecutor.java:164)
	at org.openqa.selenium.remote.service.DriverCommandExecutor.execute(DriverCommandExecutor.java:83)
	at org.openqa.selenium.remote.RemoteWebDriver.execute(RemoteWebDriver.java:601)
	at org.openqa.selenium.remote.RemoteWebDriver.findElement(RemoteWebDriver.java:371)
	at org.openqa.selenium.remote.RemoteWebDriver.findElementByLinkText(RemoteWebDriver.java:425)
	at org.openqa.selenium.By$ByLinkText.findElement(By.java:246)
	at org.openqa.selenium.remote.RemoteWebDriver.findElement(RemoteWebDriver.java:363)
	at com.milvik.mip.pageobjects.MIP_ListBranchPage.getBranchCode(MIP_ListBranchPage.java:107)
	at com.milvik.mip.branchmanagement.testrunner.MIP_ListBranch_Test.listBranchTwo(MIP_ListBranch_Test.java:122)
... Removed 29 stack frames]]>
    </failure>
  </testcase> <!-- listBranchTwo -->
  <testcase name="listBranchTwo" time="40.577" classname="com.milvik.mip.branchmanagement.testrunner.MIP_ListBranch_Test">
    <failure type="org.openqa.selenium.TimeoutException" message="Expected condition failed: waiting for visibility of element located by By.xpath: //h3[contains(text(),&amp;apos;List Branches&amp;apos;)] (tried for 30 second(s) with 500 MILLISECONDS interval)">
      <![CDATA[org.openqa.selenium.TimeoutException: Expected condition failed: waiting for visibility of element located by By.xpath: //h3[contains(text(),'List Branches')] (tried for 30 second(s) with 500 MILLISECONDS interval)
	at org.openqa.selenium.support.ui.WebDriverWait.timeoutException(WebDriverWait.java:82)
	at org.openqa.selenium.support.ui.FluentWait.until(FluentWait.java:231)
	at com.milvik.mip.pageutil.MIP_BasePage.waitForElementToVisible(MIP_BasePage.java:51)
	at com.milvik.mip.branchmanagement.testrunner.MIP_ListBranch_Test.listBranchTwo(MIP_ListBranch_Test.java:116)
Caused by: org.openqa.selenium.NoSuchElementException: Cannot locate an element using By.xpath: //h3[contains(text(),'List Branches')]
For documentation on this error, please visit: http://seleniumhq.org/exceptions/no_such_element.html
Build info: version: '3.8.1', revision: '6e95a6684b', time: '2017-12-01T18:33:54.468Z'
System info: host: 'TH1554', ip: '172.16.10.197', os.name: 'Windows 8.1', os.arch: 'amd64', os.version: '6.3', java.version: '1.8.0_121'
Driver info: driver.version: unknown
	at org.openqa.selenium.support.ui.ExpectedConditions.lambda$findElement$0(ExpectedConditions.java:882)
	at java.util.Optional.orElseThrow(Unknown Source)
	at org.openqa.selenium.support.ui.ExpectedConditions.findElement(ExpectedConditions.java:881)
	at org.openqa.selenium.support.ui.ExpectedConditions.access$000(ExpectedConditions.java:43)
	at org.openqa.selenium.support.ui.ExpectedConditions$7.apply(ExpectedConditions.java:205)
	at org.openqa.selenium.support.ui.ExpectedConditions$7.apply(ExpectedConditions.java:201)
	at org.openqa.selenium.support.ui.FluentWait.until(FluentWait.java:208)
	... 27 more
... Removed 25 stack frames]]>
    </failure>
  </testcase> <!-- listBranchTwo -->
  <testcase name="listBranchThree" time="81.166" classname="com.milvik.mip.branchmanagement.testrunner.MIP_ListBranch_Test">
    <failure type="org.openqa.selenium.TimeoutException" message="Expected condition failed: waiting for visibility of element located by By.xpath: //h3[contains(text(),&amp;apos;List Branches&amp;apos;)] (tried for 30 second(s) with 500 MILLISECONDS interval)">
      <![CDATA[org.openqa.selenium.TimeoutException: Expected condition failed: waiting for visibility of element located by By.xpath: //h3[contains(text(),'List Branches')] (tried for 30 second(s) with 500 MILLISECONDS interval)
	at org.openqa.selenium.support.ui.WebDriverWait.timeoutException(WebDriverWait.java:82)
	at org.openqa.selenium.support.ui.FluentWait.until(FluentWait.java:231)
	at com.milvik.mip.pageutil.MIP_BasePage.waitForElementToVisible(MIP_BasePage.java:51)
	at com.milvik.mip.branchmanagement.testrunner.MIP_ListBranch_Test.listBranchThree(MIP_ListBranch_Test.java:147)
Caused by: org.openqa.selenium.NoSuchElementException: Cannot locate an element using By.xpath: //h3[contains(text(),'List Branches')]
For documentation on this error, please visit: http://seleniumhq.org/exceptions/no_such_element.html
Build info: version: '3.8.1', revision: '6e95a6684b', time: '2017-12-01T18:33:54.468Z'
System info: host: 'TH1554', ip: '172.16.10.197', os.name: 'Windows 8.1', os.arch: 'amd64', os.version: '6.3', java.version: '1.8.0_121'
Driver info: driver.version: unknown
	at org.openqa.selenium.support.ui.ExpectedConditions.lambda$findElement$0(ExpectedConditions.java:882)
	at java.util.Optional.orElseThrow(Unknown Source)
	at org.openqa.selenium.support.ui.ExpectedConditions.findElement(ExpectedConditions.java:881)
	at org.openqa.selenium.support.ui.ExpectedConditions.access$000(ExpectedConditions.java:43)
	at org.openqa.selenium.support.ui.ExpectedConditions$7.apply(ExpectedConditions.java:205)
	at org.openqa.selenium.support.ui.ExpectedConditions$7.apply(ExpectedConditions.java:201)
	at org.openqa.selenium.support.ui.FluentWait.until(FluentWait.java:208)
	... 27 more
... Removed 25 stack frames]]>
    </failure>
  </testcase> <!-- listBranchThree -->
  <testcase name="listBranchSix" time="0.0" classname="com.milvik.mip.branchmanagement.testrunner.MIP_ListBranch_Test">
    <ignored/>
  </testcase> <!-- listBranchSix -->
</testsuite> <!-- List_Branch_Test -->
