<?xml version="1.0" encoding="UTF-8"?>
<!-- Generated by org.testng.reporters.JUnitXMLReporter -->
<testsuite hostname="TH1554" ignored="0" name="Test_viewRole" tests="8" failures="2" timestamp="21 Mar 2018 05:42:11 GMT" time="159.425" errors="0">
  <testcase name="addUserOne" time="20.108" classname="com.milvik.mip.usermanagement.testrunner.MIP_AddUser_Test">
    <failure type="org.openqa.selenium.NoSuchElementException" message="Unable to locate element: #fname
For documentation on this error, please visit: http://seleniumhq.org/exceptions/no_such_element.html
Build info: version: &amp;apos;3.8.1&amp;apos;, revision: &amp;apos;6e95a6684b&amp;apos;, time: &amp;apos;2017-12-01T18:33:54.468Z&amp;apos;
System info: host: &amp;apos;TH1554&amp;apos;, ip: &amp;apos;172.16.10.26&amp;apos;, os.name: &amp;apos;Windows 8.1&amp;apos;, os.arch: &amp;apos;amd64&amp;apos;, os.version: &amp;apos;6.3&amp;apos;, java.version: &amp;apos;1.8.0_121&amp;apos;
Driver info: org.openqa.selenium.firefox.FirefoxDriver
Capabilities {acceptInsecureCerts: true, browserName: firefox, browserVersion: 57.0, javascriptEnabled: true, moz:accessibilityChecks: false, moz:headless: false, moz:processID: 11724, moz:profile: C:\Users\srilatha_yajnanara..., moz:webdriverClick: false, pageLoadStrategy: normal, platform: XP, platformName: XP, platformVersion: 6.3, rotatable: false, timeouts: {implicit: 0, pageLoad: 300000, script: 30000}}
Session ID: dbeab72d-8077-46da-8f19-36bbcf597ec4
*** Element info: {Using=id, value=fname}">
      <![CDATA[org.openqa.selenium.NoSuchElementException: Unable to locate element: #fname
For documentation on this error, please visit: http://seleniumhq.org/exceptions/no_such_element.html
Build info: version: '3.8.1', revision: '6e95a6684b', time: '2017-12-01T18:33:54.468Z'
System info: host: 'TH1554', ip: '172.16.10.26', os.name: 'Windows 8.1', os.arch: 'amd64', os.version: '6.3', java.version: '1.8.0_121'
Driver info: org.openqa.selenium.firefox.FirefoxDriver
Capabilities {acceptInsecureCerts: true, browserName: firefox, browserVersion: 57.0, javascriptEnabled: true, moz:accessibilityChecks: false, moz:headless: false, moz:processID: 11724, moz:profile: C:\Users\srilatha_yajnanara..., moz:webdriverClick: false, pageLoadStrategy: normal, platform: XP, platformName: XP, platformVersion: 6.3, rotatable: false, timeouts: {implicit: 0, pageLoad: 300000, script: 30000}}
Session ID: dbeab72d-8077-46da-8f19-36bbcf597ec4
*** Element info: {Using=id, value=fname}
	at org.openqa.selenium.remote.http.W3CHttpResponseCodec.createException(W3CHttpResponseCodec.java:187)
	at org.openqa.selenium.remote.http.W3CHttpResponseCodec.decode(W3CHttpResponseCodec.java:122)
	at org.openqa.selenium.remote.http.W3CHttpResponseCodec.decode(W3CHttpResponseCodec.java:49)
	at org.openqa.selenium.remote.HttpCommandExecutor.execute(HttpCommandExecutor.java:164)
	at org.openqa.selenium.remote.service.DriverCommandExecutor.execute(DriverCommandExecutor.java:83)
	at org.openqa.selenium.remote.RemoteWebDriver.execute(RemoteWebDriver.java:601)
	at org.openqa.selenium.remote.RemoteWebDriver.findElement(RemoteWebDriver.java:371)
	at org.openqa.selenium.remote.RemoteWebDriver.findElementById(RemoteWebDriver.java:417)
	at org.openqa.selenium.By$ById.findElement(By.java:218)
	at org.openqa.selenium.remote.RemoteWebDriver.findElement(RemoteWebDriver.java:363)
	at org.openqa.selenium.support.pagefactory.DefaultElementLocator.findElement(DefaultElementLocator.java:69)
	at org.openqa.selenium.support.pagefactory.internal.LocatingElementHandler.invoke(LocatingElementHandler.java:38)
	at com.sun.proxy.$Proxy15.isDisplayed(Unknown Source)
	at com.milvik.mip.usermanagement.testrunner.MIP_AddUser_Test.addUserOne(MIP_AddUser_Test.java:110)
... Removed 29 stack frames]]>
    </failure>
  </testcase> <!-- addUserOne -->
  <testcase name="addUserPassFour" time="44.161" classname="com.milvik.mip.usermanagement.testrunner.MIP_AddUser_Test"/>
  <testcase name="addUserPassFour" time="4.312" classname="com.milvik.mip.usermanagement.testrunner.MIP_AddUser_Test"/>
  <testcase name="addUserPassFour" time="4.369" classname="com.milvik.mip.usermanagement.testrunner.MIP_AddUser_Test"/>
  <testcase name="addUserPassFour" time="4.382" classname="com.milvik.mip.usermanagement.testrunner.MIP_AddUser_Test"/>
  <testcase name="addUserPassFour" time="3.971" classname="com.milvik.mip.usermanagement.testrunner.MIP_AddUser_Test"/>
  <testcase name="addUserPassFour" time="4.178" classname="com.milvik.mip.usermanagement.testrunner.MIP_AddUser_Test"/>
  <testcase name="addUserPassTwo" time="13.349" classname="com.milvik.mip.usermanagement.testrunner.MIP_AddUser_Test">
    <failure type="java.lang.AssertionError" message="expected [true] but found [false]">
      <![CDATA[java.lang.AssertionError: expected [true] but found [false]
	at com.milvik.mip.usermanagement.testrunner.MIP_AddUser_Test.addUserPassTwo(MIP_AddUser_Test.java:171)
... Removed 29 stack frames]]>
    </failure>
  </testcase> <!-- addUserPassTwo -->
</testsuite> <!-- Test_viewRole -->
