<?xml version="1.0" encoding="UTF-8"?>
<!-- Generated by org.testng.reporters.JUnitXMLReporter -->
<testsuite hostname="TH1554" ignored="0" name="Test_Add_Role" tests="7" failures="2" timestamp="20 Mar 2018 12:36:42 GMT" time="82.478" errors="0">
  <testcase name="addRoleFour" time="12.811" classname="com.milvik.mip.rolemanagement.testrunner.MIP_AddRole_Test"/>
  <testcase name="addRoleFour" time="6.08" classname="com.milvik.mip.rolemanagement.testrunner.MIP_AddRole_Test">
    <failure type="java.lang.AssertionError" message="expected [true] but found [false]">
      <![CDATA[java.lang.AssertionError: expected [true] but found [false]
	at com.milvik.mip.rolemanagement.testrunner.MIP_AddRole_Test.addRoleFour(MIP_AddRole_Test.java:703)
... Removed 29 stack frames]]>
    </failure>
  </testcase> <!-- addRoleFour -->
  <testcase name="addRoleOne" time="1.905" classname="com.milvik.mip.rolemanagement.testrunner.MIP_AddRole_Test"/>
  <testcase name="addRoleThree" time="7.258" classname="com.milvik.mip.rolemanagement.testrunner.MIP_AddRole_Test"/>
  <testcase name="addRoleThree" time="6.009" classname="com.milvik.mip.rolemanagement.testrunner.MIP_AddRole_Test"/>
  <testcase name="addRoleTwo" time="45.862" classname="com.milvik.mip.rolemanagement.testrunner.MIP_AddRole_Test">
    <failure type="org.openqa.selenium.TimeoutException" message="Expected condition failed: waiting for visibility of element located by By.id: popup_message (tried for 30 second(s) with 500 MILLISECONDS interval)">
      <![CDATA[org.openqa.selenium.TimeoutException: Expected condition failed: waiting for visibility of element located by By.id: popup_message (tried for 30 second(s) with 500 MILLISECONDS interval)
	at org.openqa.selenium.support.ui.WebDriverWait.timeoutException(WebDriverWait.java:82)
	at org.openqa.selenium.support.ui.FluentWait.until(FluentWait.java:231)
	at com.milvik.mip.pageutil.MIP_BasePage.waitForElementToVisible(MIP_BasePage.java:51)
	at com.milvik.mip.pageutil.MIP_BasePage.confirmPopUp(MIP_BasePage.java:202)
	at com.milvik.mip.pageobjects.MIP_AddRolePage.confirmAddRole(MIP_AddRolePage.java:34)
	at com.milvik.mip.rolemanagement.testrunner.MIP_AddRole_Test.addRoleTwo(MIP_AddRole_Test.java:352)
Caused by: org.openqa.selenium.NoSuchElementException: Cannot locate an element using By.id: popup_message
For documentation on this error, please visit: http://seleniumhq.org/exceptions/no_such_element.html
Build info: version: '3.8.1', revision: '6e95a6684b', time: '2017-12-01T18:33:54.468Z'
System info: host: 'TH1554', ip: '172.16.10.130', os.name: 'Windows 8.1', os.arch: 'amd64', os.version: '6.3', java.version: '1.8.0_121'
Driver info: driver.version: unknown
	at org.openqa.selenium.support.ui.ExpectedConditions.lambda$findElement$0(ExpectedConditions.java:882)
	at java.util.Optional.orElseThrow(Unknown Source)
	at org.openqa.selenium.support.ui.ExpectedConditions.findElement(ExpectedConditions.java:881)
	at org.openqa.selenium.support.ui.ExpectedConditions.access$000(ExpectedConditions.java:43)
	at org.openqa.selenium.support.ui.ExpectedConditions$7.apply(ExpectedConditions.java:205)
	at org.openqa.selenium.support.ui.ExpectedConditions$7.apply(ExpectedConditions.java:201)
	at org.openqa.selenium.support.ui.FluentWait.until(FluentWait.java:208)
	... 29 more
... Removed 25 stack frames]]>
    </failure>
  </testcase> <!-- addRoleTwo -->
  <testcase name="roleManagement" time="0.135" classname="com.milvik.mip.rolemanagement.testrunner.MIP_AddRole_Test"/>
</testsuite> <!-- Test_Add_Role -->
