<html>
<head>
<title>TestNG:  Test_viewRole</title>
<link href="../testng.css" rel="stylesheet" type="text/css" />
<link href="../my-testng.css" rel="stylesheet" type="text/css" />

<style type="text/css">
.log { display: none;} 
.stack-trace { display: none;} 
</style>
<script type="text/javascript">
<!--
function flip(e) {
  current = e.style.display;
  if (current == 'block') {
    e.style.display = 'none';
    return 0;
  }
  else {
    e.style.display = 'block';
    return 1;
  }
}

function toggleBox(szDivId, elem, msg1, msg2)
{
  var res = -1;  if (document.getElementById) {
    res = flip(document.getElementById(szDivId));
  }
  else if (document.all) {
    // this is the way old msie versions work
    res = flip(document.all[szDivId]);
  }
  if(elem) {
    if(res == 0) elem.innerHTML = msg1; else elem.innerHTML = msg2;
  }

}

function toggleAllBoxes() {
  if (document.getElementsByTagName) {
    d = document.getElementsByTagName('div');
    for (i = 0; i < d.length; i++) {
      if (d[i].className == 'log') {
        flip(d[i]);
      }
    }
  }
}

// -->
</script>

</head>
<body>
<h2 align='center'>Test_viewRole</h2><table border='1' align="center">
<tr>
<td>Tests passed/Failed/Skipped:</td><td>6/2/0</td>
</tr><tr>
<td>Started on:</td><td>Wed Mar 21 11:09:32 IST 2018</td>
</tr>
<tr><td>Total time:</td><td>159 seconds (159425 ms)</td>
</tr><tr>
<td>Included groups:</td><td></td>
</tr><tr>
<td>Excluded groups:</td><td></td>
</tr>
</table><p/>
<small><i>(Hover the method name to see the test class name)</i></small><p/>
<table width='100%' border='1' class='invocation-failed'>
<tr><td colspan='4' align='center'><b>FAILED TESTS</b></td></tr>
<tr><td><b>Test method</b></td>
<td width="30%"><b>Exception</b></td>
<td width="10%"><b>Time (seconds)</b></td>
<td><b>Instance</b></td>
</tr>
<tr>
<td title='com.milvik.mip.usermanagement.testrunner.MIP_AddUser_Test.addUserOne()'><b>addUserOne</b><br>Test class: com.milvik.mip.usermanagement.testrunner.MIP_AddUser_Test<br>Parameters: retest user, one, 0201403449, test@auto.com, 28/05/1985, Male, Test Role, HO, The user details have been added successfully.</td>
<td><div><pre>org.openqa.selenium.NoSuchElementException: Unable to locate element: #fname
For documentation on this error, please visit: http://seleniumhq.org/exceptions/no_such_element.html
Build info: version: &apos;3.8.1&apos;, revision: &apos;6e95a6684b&apos;, time: &apos;2017-12-01T18:33:54.468Z&apos;
System info: host: &apos;TH1554&apos;, ip: &apos;172.16.10.26&apos;, os.name: &apos;Windows 8.1&apos;, os.arch: &apos;amd64&apos;, os.version: &apos;6.3&apos;, java.version: &apos;1.8.0_121&apos;
Driver info: org.openqa.selenium.firefox.FirefoxDriver
Capabilities {acceptInsecureCerts: true, browserName: firefox, browserVersion: 57.0, javascriptEnabled: true, moz:accessibilityChecks: false, moz:headless: false, moz:processID: 11724, moz:profile: C:\Users\srilatha_yajnanara..., moz:webdriverClick: false, pageLoadStrategy: normal, platform: XP, platformName: XP, platformVersion: 6.3, rotatable: false, timeouts: {implicit: 0, pageLoad: 300000, script: 30000}}
Session ID: dbeab72d-8077-46da-8f19-36bbcf597ec4
*** Element info: {Using=id, value=fname}
	at org.openqa.selenium.remote.http.W3CHttpResponseCodec.createException(W3CHttpResponseCodec.java:187)
	at org.openqa.selenium.remote.http.W3CHttpResponseCodec.decode(W3CHttpResponseCodec.java:122)
	at org.openqa.selenium.remote.http.W3CHttpResponseCodec.decode(W3CHttpResponseCodec.java:49)
	at org.openqa.selenium.remote.HttpCommandExecutor.execute(HttpCommandExecutor.java:164)
	at org.openqa.selenium.remote.service.DriverCommandExecutor.execute(DriverCommandExecutor.java:83)
	at org.openqa.selenium.remote.RemoteWebDriver.execute(RemoteWebDriver.java:601)
	at org.openqa.selenium.remote.RemoteWebDriver.findElement(RemoteWebDriver.java:371)
	at org.openqa.selenium.remote.RemoteWebDriver.findElementById(RemoteWebDriver.java:417)
	at org.openqa.selenium.By$ById.findElement(By.java:218)
	at org.openqa.selenium.remote.RemoteWebDriver.findElement(RemoteWebDriver.java:363)
	at org.openqa.selenium.support.pagefactory.DefaultElementLocator.findElement(DefaultElementLocator.java:69)
	at org.openqa.selenium.support.pagefactory.internal.LocatingElementHandler.invoke(LocatingElementHandler.java:38)
	at com.sun.proxy.$Proxy15.isDisplayed(Unknown Source)
	at com.milvik.mip.usermanagement.testrunner.MIP_AddUser_Test.addUserOne(MIP_AddUser_Test.java:110)
... Removed 29 stack frames</pre></div><a href='#' onClick='toggleBox("stack-trace1426725223", this, "Click to show all stack frames", "Click to hide stack frames")'>Click to show all stack frames</a>
<div class='stack-trace' id='stack-trace1426725223'><pre>org.openqa.selenium.NoSuchElementException: Unable to locate element: #fname
For documentation on this error, please visit: http://seleniumhq.org/exceptions/no_such_element.html
Build info: version: &apos;3.8.1&apos;, revision: &apos;6e95a6684b&apos;, time: &apos;2017-12-01T18:33:54.468Z&apos;
System info: host: &apos;TH1554&apos;, ip: &apos;172.16.10.26&apos;, os.name: &apos;Windows 8.1&apos;, os.arch: &apos;amd64&apos;, os.version: &apos;6.3&apos;, java.version: &apos;1.8.0_121&apos;
Driver info: org.openqa.selenium.firefox.FirefoxDriver
Capabilities {acceptInsecureCerts: true, browserName: firefox, browserVersion: 57.0, javascriptEnabled: true, moz:accessibilityChecks: false, moz:headless: false, moz:processID: 11724, moz:profile: C:\Users\srilatha_yajnanara..., moz:webdriverClick: false, pageLoadStrategy: normal, platform: XP, platformName: XP, platformVersion: 6.3, rotatable: false, timeouts: {implicit: 0, pageLoad: 300000, script: 30000}}
Session ID: dbeab72d-8077-46da-8f19-36bbcf597ec4
*** Element info: {Using=id, value=fname}
	at sun.reflect.NativeConstructorAccessorImpl.newInstance0(Native Method)
	at sun.reflect.NativeConstructorAccessorImpl.newInstance(Unknown Source)
	at sun.reflect.DelegatingConstructorAccessorImpl.newInstance(Unknown Source)
	at java.lang.reflect.Constructor.newInstance(Unknown Source)
	at org.openqa.selenium.remote.http.W3CHttpResponseCodec.createException(W3CHttpResponseCodec.java:187)
	at org.openqa.selenium.remote.http.W3CHttpResponseCodec.decode(W3CHttpResponseCodec.java:122)
	at org.openqa.selenium.remote.http.W3CHttpResponseCodec.decode(W3CHttpResponseCodec.java:49)
	at org.openqa.selenium.remote.HttpCommandExecutor.execute(HttpCommandExecutor.java:164)
	at org.openqa.selenium.remote.service.DriverCommandExecutor.execute(DriverCommandExecutor.java:83)
	at org.openqa.selenium.remote.RemoteWebDriver.execute(RemoteWebDriver.java:601)
	at org.openqa.selenium.remote.RemoteWebDriver.findElement(RemoteWebDriver.java:371)
	at org.openqa.selenium.remote.RemoteWebDriver.findElementById(RemoteWebDriver.java:417)
	at org.openqa.selenium.By$ById.findElement(By.java:218)
	at org.openqa.selenium.remote.RemoteWebDriver.findElement(RemoteWebDriver.java:363)
	at org.openqa.selenium.support.pagefactory.DefaultElementLocator.findElement(DefaultElementLocator.java:69)
	at org.openqa.selenium.support.pagefactory.internal.LocatingElementHandler.invoke(LocatingElementHandler.java:38)
	at com.sun.proxy.$Proxy15.isDisplayed(Unknown Source)
	at com.milvik.mip.usermanagement.testrunner.MIP_AddUser_Test.addUserOne(MIP_AddUser_Test.java:110)
	at sun.reflect.NativeMethodAccessorImpl.invoke0(Native Method)
	at sun.reflect.NativeMethodAccessorImpl.invoke(Unknown Source)
	at sun.reflect.DelegatingMethodAccessorImpl.invoke(Unknown Source)
	at java.lang.reflect.Method.invoke(Unknown Source)
	at org.testng.internal.MethodInvocationHelper.invokeMethod(MethodInvocationHelper.java:108)
	at org.testng.internal.Invoker.invokeMethod(Invoker.java:661)
	at org.testng.internal.Invoker.invokeTestMethod(Invoker.java:869)
	at org.testng.internal.Invoker.invokeTestMethods(Invoker.java:1193)
	at org.testng.internal.TestMethodWorker.invokeTestMethods(TestMethodWorker.java:126)
	at org.testng.internal.TestMethodWorker.run(TestMethodWorker.java:109)
	at org.testng.TestRunner.privateRun(TestRunner.java:744)
	at org.testng.TestRunner.run(TestRunner.java:602)
	at org.testng.SuiteRunner.runTest(SuiteRunner.java:380)
	at org.testng.SuiteRunner.runSequentially(SuiteRunner.java:375)
	at org.testng.SuiteRunner.privateRun(SuiteRunner.java:340)
	at org.testng.SuiteRunner.run(SuiteRunner.java:289)
	at org.testng.SuiteRunnerWorker.runSuite(SuiteRunnerWorker.java:52)
	at org.testng.SuiteRunnerWorker.run(SuiteRunnerWorker.java:86)
	at org.testng.TestNG.runSuitesSequentially(TestNG.java:1301)
	at org.testng.TestNG.runSuitesLocally(TestNG.java:1226)
	at org.testng.TestNG.runSuites(TestNG.java:1144)
	at org.testng.TestNG.run(TestNG.java:1115)
	at org.testng.remote.AbstractRemoteTestNG.run(AbstractRemoteTestNG.java:114)
	at org.testng.remote.RemoteTestNG.initAndRun(RemoteTestNG.java:251)
	at org.testng.remote.RemoteTestNG.main(RemoteTestNG.java:77)
</pre></div></td>
<td>20</td>
<td>com.milvik.mip.usermanagement.testrunner.MIP_AddUser_Test@29774679</td></tr>
<tr>
<td title='com.milvik.mip.usermanagement.testrunner.MIP_AddUser_Test.addUserPassTwo()'><b>addUserPassTwo</b><br>Test class: com.milvik.mip.usermanagement.testrunner.MIP_AddUser_Test<br>Parameters: retest user, one, 0201403449, test@auto.com, 28/05/1985, Male, Test Role, HO, The user details have been added successfully.</td>
<td><div><pre>java.lang.AssertionError: expected [true] but found [false]
	at com.milvik.mip.usermanagement.testrunner.MIP_AddUser_Test.addUserPassTwo(MIP_AddUser_Test.java:171)
... Removed 29 stack frames</pre></div><a href='#' onClick='toggleBox("stack-trace891894789", this, "Click to show all stack frames", "Click to hide stack frames")'>Click to show all stack frames</a>
<div class='stack-trace' id='stack-trace891894789'><pre>java.lang.AssertionError: expected [true] but found [false]
	at org.testng.Assert.fail(Assert.java:93)
	at org.testng.Assert.failNotEquals(Assert.java:512)
	at org.testng.Assert.assertTrue(Assert.java:41)
	at org.testng.Assert.assertTrue(Assert.java:51)
	at com.milvik.mip.usermanagement.testrunner.MIP_AddUser_Test.addUserPassTwo(MIP_AddUser_Test.java:171)
	at sun.reflect.NativeMethodAccessorImpl.invoke0(Native Method)
	at sun.reflect.NativeMethodAccessorImpl.invoke(Unknown Source)
	at sun.reflect.DelegatingMethodAccessorImpl.invoke(Unknown Source)
	at java.lang.reflect.Method.invoke(Unknown Source)
	at org.testng.internal.MethodInvocationHelper.invokeMethod(MethodInvocationHelper.java:108)
	at org.testng.internal.Invoker.invokeMethod(Invoker.java:661)
	at org.testng.internal.Invoker.invokeTestMethod(Invoker.java:869)
	at org.testng.internal.Invoker.invokeTestMethods(Invoker.java:1193)
	at org.testng.internal.TestMethodWorker.invokeTestMethods(TestMethodWorker.java:126)
	at org.testng.internal.TestMethodWorker.run(TestMethodWorker.java:109)
	at org.testng.TestRunner.privateRun(TestRunner.java:744)
	at org.testng.TestRunner.run(TestRunner.java:602)
	at org.testng.SuiteRunner.runTest(SuiteRunner.java:380)
	at org.testng.SuiteRunner.runSequentially(SuiteRunner.java:375)
	at org.testng.SuiteRunner.privateRun(SuiteRunner.java:340)
	at org.testng.SuiteRunner.run(SuiteRunner.java:289)
	at org.testng.SuiteRunnerWorker.runSuite(SuiteRunnerWorker.java:52)
	at org.testng.SuiteRunnerWorker.run(SuiteRunnerWorker.java:86)
	at org.testng.TestNG.runSuitesSequentially(TestNG.java:1301)
	at org.testng.TestNG.runSuitesLocally(TestNG.java:1226)
	at org.testng.TestNG.runSuites(TestNG.java:1144)
	at org.testng.TestNG.run(TestNG.java:1115)
	at org.testng.remote.AbstractRemoteTestNG.run(AbstractRemoteTestNG.java:114)
	at org.testng.remote.RemoteTestNG.initAndRun(RemoteTestNG.java:251)
	at org.testng.remote.RemoteTestNG.main(RemoteTestNG.java:77)
</pre></div></td>
<td>13</td>
<td>com.milvik.mip.usermanagement.testrunner.MIP_AddUser_Test@29774679</td></tr>
</table><p>
<table width='100%' border='1' class='invocation-passed'>
<tr><td colspan='4' align='center'><b>PASSED TESTS</b></td></tr>
<tr><td><b>Test method</b></td>
<td width="30%"><b>Exception</b></td>
<td width="10%"><b>Time (seconds)</b></td>
<td><b>Instance</b></td>
</tr>
<tr>
<td title='com.milvik.mip.usermanagement.testrunner.MIP_AddUser_Test.addUserPassFour()'><b>addUserPassFour</b><br>Test class: com.milvik.mip.usermanagement.testrunner.MIP_AddUser_Test<br>Parameters: TC39, Test fn, Test Sn, 0201245800, test.qa@gmail.com, 05/12/1996, Female, Test Role, , Branch : Field should not be empty.</td>
<td></td>
<td>44</td>
<td>com.milvik.mip.usermanagement.testrunner.MIP_AddUser_Test@29774679</td></tr>
<tr>
<td title='com.milvik.mip.usermanagement.testrunner.MIP_AddUser_Test.addUserPassFour()'><b>addUserPassFour</b><br>Test class: com.milvik.mip.usermanagement.testrunner.MIP_AddUser_Test<br>Parameters: TC41, , Test Sn, 0201245801, test.qa@gmail.com, 30/05/1996, Male, Test Role, HO, First Name : Field should not be empty.</td>
<td></td>
<td>4</td>
<td>com.milvik.mip.usermanagement.testrunner.MIP_AddUser_Test@29774679</td></tr>
<tr>
<td title='com.milvik.mip.usermanagement.testrunner.MIP_AddUser_Test.addUserPassFour()'><b>addUserPassFour</b><br>Test class: com.milvik.mip.usermanagement.testrunner.MIP_AddUser_Test<br>Parameters: TC42, Test- fn, , 0201245902, test.qa@gmail.com, 12/01/1985, Female, Test Role, HO, Surname : Field should not be empty.</td>
<td></td>
<td>4</td>
<td>com.milvik.mip.usermanagement.testrunner.MIP_AddUser_Test@29774679</td></tr>
<tr>
<td title='com.milvik.mip.usermanagement.testrunner.MIP_AddUser_Test.addUserPassFour()'><b>addUserPassFour</b><br>Test class: com.milvik.mip.usermanagement.testrunner.MIP_AddUser_Test<br>Parameters: TC43, Test fn, Test Sn, , test.qa@gmail.com, 21/04/1996, Female, Test Role, HO, Mobile Number : Field should not be empty.</td>
<td></td>
<td>4</td>
<td>com.milvik.mip.usermanagement.testrunner.MIP_AddUser_Test@29774679</td></tr>
<tr>
<td title='com.milvik.mip.usermanagement.testrunner.MIP_AddUser_Test.addUserPassFour()'><b>addUserPassFour</b><br>Test class: com.milvik.mip.usermanagement.testrunner.MIP_AddUser_Test<br>Parameters: TC45, Test fn, Test Sn, 0201245804, test.qa@gmail.com, 05/12/1996, Female, , HO, User Role : Please choose a value from the Drop down.</td>
<td></td>
<td>3</td>
<td>com.milvik.mip.usermanagement.testrunner.MIP_AddUser_Test@29774679</td></tr>
<tr>
<td title='com.milvik.mip.usermanagement.testrunner.MIP_AddUser_Test.addUserPassFour()'><b>addUserPassFour</b><br>Test class: com.milvik.mip.usermanagement.testrunner.MIP_AddUser_Test<br>Parameters: Extra, Test fn, Test Sn, 0201245805, test.qa@gmail.com, 05/12/1996, , Test Role, HO, Gender : Please select an option.</td>
<td></td>
<td>4</td>
<td>com.milvik.mip.usermanagement.testrunner.MIP_AddUser_Test@29774679</td></tr>
</table><p>
</body>
</html>