<?xml version="1.0" encoding="UTF-8"?>
<!-- Generated by org.testng.reporters.JUnitReportReporter -->
<testsuite skipped="0" hostname="TH1554" name="com.milvik.mip.customermanagement.testrunner.MIP_SearchCustomer_Test" tests="18" failures="0" timestamp="11 Apr 2018 10:51:20 GMT" time="74.485" errors="1">
  <testcase name="searchCustOne" time="0.620" classname="com.milvik.mip.customermanagement.testrunner.MIP_SearchCustomer_Test"/>
  <testcase name="searchCustTwo" time="0.875" classname="com.milvik.mip.customermanagement.testrunner.MIP_SearchCustomer_Test"/>
  <testcase name="searchCustFour" time="7.968" classname="com.milvik.mip.customermanagement.testrunner.MIP_SearchCustomer_Test"/>
  <testcase name="searchCustThree" time="1.675" classname="com.milvik.mip.customermanagement.testrunner.MIP_SearchCustomer_Test"/>
  <testcase name="searchCustFour" time="5.533" classname="com.milvik.mip.customermanagement.testrunner.MIP_SearchCustomer_Test"/>
  <testcase name="searchCustThree" time="3.388" classname="com.milvik.mip.customermanagement.testrunner.MIP_SearchCustomer_Test"/>
  <testcase name="searchCustOne" time="0.710" classname="com.milvik.mip.customermanagement.testrunner.MIP_SearchCustomer_Test"/>
  <testcase name="searchCustTwo" time="1.037" classname="com.milvik.mip.customermanagement.testrunner.MIP_SearchCustomer_Test"/>
  <testcase name="searchCustOne" time="0.631" classname="com.milvik.mip.customermanagement.testrunner.MIP_SearchCustomer_Test"/>
  <testcase name="searchCustThree" time="5.381" classname="com.milvik.mip.customermanagement.testrunner.MIP_SearchCustomer_Test"/>
  <testcase name="searchCustThree" time="2.286" classname="com.milvik.mip.customermanagement.testrunner.MIP_SearchCustomer_Test"/>
  <testcase name="searchCustThree" time="2.321" classname="com.milvik.mip.customermanagement.testrunner.MIP_SearchCustomer_Test"/>
  <testcase name="searchCustTwo" time="0.821" classname="com.milvik.mip.customermanagement.testrunner.MIP_SearchCustomer_Test"/>
  <testcase name="searchCustTwo" time="0.790" classname="com.milvik.mip.customermanagement.testrunner.MIP_SearchCustomer_Test"/>
  <testcase name="searchCustFour" time="6.012" classname="com.milvik.mip.customermanagement.testrunner.MIP_SearchCustomer_Test"/>
  <testcase name="searchCustFour" time="32.107" classname="com.milvik.mip.customermanagement.testrunner.MIP_SearchCustomer_Test">
    <error type="org.openqa.selenium.TimeoutException" message="Expected condition failed: waiting for visibility of element located by By.xpath: //*[contains(text(),&#039;View Customer Details&#039;)] (tried for 30 second(s) with 500 MILLISECONDS interval)">
      <![CDATA[org.openqa.selenium.TimeoutException: Expected condition failed: waiting for visibility of element located by By.xpath: //*[contains(text(),'View Customer Details')] (tried for 30 second(s) with 500 MILLISECONDS interval)
	at org.openqa.selenium.support.ui.WebDriverWait.timeoutException(WebDriverWait.java:82)
	at org.openqa.selenium.support.ui.FluentWait.until(FluentWait.java:231)
	at com.milvik.mip.pageutil.MIP_BasePage.waitForElementToVisible(MIP_BasePage.java:51)
	at com.milvik.mip.customermanagement.testrunner.MIP_SearchCustomer_Test.searchCustFour(MIP_SearchCustomer_Test.java:311)
	at sun.reflect.NativeMethodAccessorImpl.invoke0(Native Method)
	at sun.reflect.NativeMethodAccessorImpl.invoke(Unknown Source)
	at sun.reflect.DelegatingMethodAccessorImpl.invoke(Unknown Source)
	at java.lang.reflect.Method.invoke(Unknown Source)
	at org.testng.internal.MethodInvocationHelper.invokeMethod(MethodInvocationHelper.java:108)
	at org.testng.internal.Invoker.invokeMethod(Invoker.java:661)
	at org.testng.internal.Invoker.invokeTestMethod(Invoker.java:869)
	at org.testng.internal.Invoker.invokeTestMethods(Invoker.java:1193)
	at org.testng.internal.TestMethodWorker.invokeTestMethods(TestMethodWorker.java:126)
	at org.testng.internal.TestMethodWorker.run(TestMethodWorker.java:109)
	at org.testng.TestRunner.privateRun(TestRunner.java:744)
	at org.testng.TestRunner.run(TestRunner.java:602)
	at org.testng.SuiteRunner.runTest(SuiteRunner.java:380)
	at org.testng.SuiteRunner.runSequentially(SuiteRunner.java:375)
	at org.testng.SuiteRunner.privateRun(SuiteRunner.java:340)
	at org.testng.SuiteRunner.run(SuiteRunner.java:289)
	at org.testng.SuiteRunnerWorker.runSuite(SuiteRunnerWorker.java:52)
	at org.testng.SuiteRunnerWorker.run(SuiteRunnerWorker.java:86)
	at org.testng.TestNG.runSuitesSequentially(TestNG.java:1301)
	at org.testng.TestNG.runSuitesLocally(TestNG.java:1226)
	at org.testng.TestNG.runSuites(TestNG.java:1144)
	at org.testng.TestNG.run(TestNG.java:1115)
	at org.testng.remote.AbstractRemoteTestNG.run(AbstractRemoteTestNG.java:114)
	at org.testng.remote.RemoteTestNG.initAndRun(RemoteTestNG.java:251)
	at org.testng.remote.RemoteTestNG.main(RemoteTestNG.java:77)
Caused by: org.openqa.selenium.NoSuchElementException: Cannot locate an element using By.xpath: //*[contains(text(),'View Customer Details')]
For documentation on this error, please visit: http://seleniumhq.org/exceptions/no_such_element.html
Build info: version: '3.8.1', revision: '6e95a6684b', time: '2017-12-01T18:33:54.468Z'
System info: host: 'TH1554', ip: '172.16.10.155', os.name: 'Windows 8.1', os.arch: 'amd64', os.version: '6.3', java.version: '1.8.0_121'
Driver info: driver.version: unknown
	at org.openqa.selenium.support.ui.ExpectedConditions.lambda$findElement$0(ExpectedConditions.java:882)
	at java.util.Optional.orElseThrow(Unknown Source)
	at org.openqa.selenium.support.ui.ExpectedConditions.findElement(ExpectedConditions.java:881)
	at org.openqa.selenium.support.ui.ExpectedConditions.access$000(ExpectedConditions.java:43)
	at org.openqa.selenium.support.ui.ExpectedConditions$7.apply(ExpectedConditions.java:205)
	at org.openqa.selenium.support.ui.ExpectedConditions$7.apply(ExpectedConditions.java:201)
	at org.openqa.selenium.support.ui.FluentWait.until(FluentWait.java:208)
	... 27 more
]]>
    </error>
  </testcase> <!-- searchCustFour -->
  <testcase name="searchCustTwo" time="1.575" classname="com.milvik.mip.customermanagement.testrunner.MIP_SearchCustomer_Test"/>
  <testcase name="searchCustOne" time="0.755" classname="com.milvik.mip.customermanagement.testrunner.MIP_SearchCustomer_Test"/>
</testsuite> <!-- com.milvik.mip.customermanagement.testrunner.MIP_SearchCustomer_Test -->
